This is pdfTeX, Version 3.14159265-2.6-1.40.20 (TeX Live 2019/Debian) (preloaded format=pdflatex 2022.2.16)  19 APR 2022 20:39
entering extended mode
 restricted \write18 enabled.
 file:line:error style messages enabled.
 %&-line parsing enabled.
**"/home/runxuan/documents/classes/Winter2022/EECS-498_Affective_Computing/Final Report/main.tex"
(/home/runxuan/documents/classes/Winter2022/EECS-498_Affective_Computing/Final Report/main.tex
LaTeX2e <2020-02-02> patch level 2
L3 programming layer <2020-02-14> (/usr/share/texlive/texmf-dist/tex/latex/base/article.cls
Document Class: article 2019/12/20 v1.4l Standard LaTeX document class
(/usr/share/texlive/texmf-dist/tex/latex/base/size11.clo
File: size11.clo 2019/12/20 v1.4l Standard LaTeX file (size option)
)
\c@part=\count167
\c@section=\count168
\c@subsection=\count169
\c@subsubsection=\count170
\c@paragraph=\count171
\c@subparagraph=\count172
\c@figure=\count173
\c@table=\count174
\abovecaptionskip=\skip47
\belowcaptionskip=\skip48
\bibindent=\dimen134
) (/home/runxuan/documents/classes/Winter2022/EECS-498_Affective_Computing/Final Report/emnlp2020.sty (/usr/share/texlive/texmf-dist/tex/latex/hyperref/hyperref.sty
Package: hyperref 2020/01/14 v7.00d Hypertext links for LaTeX
 (/usr/share/texlive/texmf-dist/tex/generic/ltxcmds/ltxcmds.sty
Package: ltxcmds 2019/12/15 v1.24 LaTeX kernel commands for general use (HO)
) (/usr/share/texlive/texmf-dist/tex/generic/iftex/iftex.sty
Package: iftex 2019/11/07 v1.0c TeX engine tests
) (/usr/share/texlive/texmf-dist/tex/latex/pdftexcmds/pdftexcmds.sty
Package: pdftexcmds 2019/11/24 v0.31 Utility functions of pdfTeX for LuaTeX (HO)
 (/usr/share/texlive/texmf-dist/tex/generic/infwarerr/infwarerr.sty
Package: infwarerr 2019/12/03 v1.5 Providing info/warning/error messages (HO)
)
Package pdftexcmds Info: \pdf@primitive is available.
Package pdftexcmds Info: \pdf@ifprimitive is available.
Package pdftexcmds Info: \pdfdraftmode found.
) (/usr/share/texlive/texmf-dist/tex/latex/graphics/keyval.sty
Package: keyval 2014/10/28 v1.15 key=value parser (DPC)
\KV@toks@=\toks14
) (/usr/share/texlive/texmf-dist/tex/generic/kvsetkeys/kvsetkeys.sty
Package: kvsetkeys 2019/12/15 v1.18 Key value parser (HO)
) (/usr/share/texlive/texmf-dist/tex/generic/kvdefinekeys/kvdefinekeys.sty
Package: kvdefinekeys 2019-12-19 v1.6 Define keys (HO)
) (/usr/share/texlive/texmf-dist/tex/generic/pdfescape/pdfescape.sty
Package: pdfescape 2019/12/09 v1.15 Implements pdfTeX's escape features (HO)
) (/usr/share/texlive/texmf-dist/tex/latex/hycolor/hycolor.sty
Package: hycolor 2020-01-27 v1.10 Color options for hyperref/bookmark (HO)
) (/usr/share/texlive/texmf-dist/tex/latex/letltxmacro/letltxmacro.sty
Package: letltxmacro 2019/12/03 v1.6 Let assignment for LaTeX macros (HO)
) (/usr/share/texlive/texmf-dist/tex/latex/auxhook/auxhook.sty
Package: auxhook 2019-12-17 v1.6 Hooks for auxiliary files (HO)
) (/usr/share/texlive/texmf-dist/tex/latex/kvoptions/kvoptions.sty
Package: kvoptions 2019/11/29 v3.13 Key value format for package options (HO)
)
\@linkdim=\dimen135
\Hy@linkcounter=\count175
\Hy@pagecounter=\count176
 (/usr/share/texlive/texmf-dist/tex/latex/hyperref/pd1enc.def
File: pd1enc.def 2020/01/14 v7.00d Hyperref: PDFDocEncoding definition (HO)
Now handling font encoding PD1 ...
... no UTF-8 mapping file for font encoding PD1
) (/usr/share/texlive/texmf-dist/tex/generic/intcalc/intcalc.sty
Package: intcalc 2019/12/15 v1.3 Expandable calculations with integers (HO)
) (/usr/share/texlive/texmf-dist/tex/generic/etexcmds/etexcmds.sty
Package: etexcmds 2019/12/15 v1.7 Avoid name clashes with e-TeX commands (HO)
)
\Hy@SavedSpaceFactor=\count177
\pdfmajorversion=\count178
Package hyperref Info: Hyper figures OFF on input line 4547.
Package hyperref Info: Link nesting OFF on input line 4552.
Package hyperref Info: Hyper index ON on input line 4555.
Package hyperref Info: Plain pages OFF on input line 4562.
Package hyperref Info: Backreferencing OFF on input line 4567.
Package hyperref Info: Implicit mode ON; LaTeX internals redefined.
Package hyperref Info: Bookmarks ON on input line 4800.
\c@Hy@tempcnt=\count179
 (/usr/share/texlive/texmf-dist/tex/latex/url/url.sty
\Urlmuskip=\muskip16
Package: url 2013/09/16  ver 3.4  Verb mode for urls, etc.
)
LaTeX Info: Redefining \url on input line 5159.
\XeTeXLinkMargin=\dimen136
 (/usr/share/texlive/texmf-dist/tex/generic/bitset/bitset.sty
Package: bitset 2019/12/09 v1.3 Handle bit-vector datatype (HO)
 (/usr/share/texlive/texmf-dist/tex/generic/bigintcalc/bigintcalc.sty
Package: bigintcalc 2019/12/15 v1.5 Expandable calculations on big integers (HO)
))
\Fld@menulength=\count180
\Field@Width=\dimen137
\Fld@charsize=\dimen138
Package hyperref Info: Hyper figures OFF on input line 6430.
Package hyperref Info: Link nesting OFF on input line 6435.
Package hyperref Info: Hyper index ON on input line 6438.
Package hyperref Info: backreferencing OFF on input line 6445.
Package hyperref Info: Link coloring OFF on input line 6450.
Package hyperref Info: Link coloring with OCG OFF on input line 6455.
Package hyperref Info: PDF/A mode OFF on input line 6460.
LaTeX Info: Redefining \ref on input line 6500.
LaTeX Info: Redefining \pageref on input line 6504.
 (/usr/share/texlive/texmf-dist/tex/generic/atbegshi/atbegshi.sty
Package: atbegshi 2019/12/05 v1.19 At begin shipout hook (HO)
)
\Hy@abspage=\count181
\c@Item=\count182
\c@Hfootnote=\count183
)
Package hyperref Info: Driver (autodetected): hpdftex.
 (/usr/share/texlive/texmf-dist/tex/latex/hyperref/hpdftex.def
File: hpdftex.def 2020/01/14 v7.00d Hyperref driver for pdfTeX
 (/usr/share/texlive/texmf-dist/tex/latex/atveryend/atveryend.sty
Package: atveryend 2019-12-11 v1.11 Hooks at the very end of document (HO)
Package atveryend Info: \enddocument detected (standard20110627).
)
\Fld@listcount=\count184
\c@bookmark@seq@number=\count185
 (/usr/share/texlive/texmf-dist/tex/latex/rerunfilecheck/rerunfilecheck.sty
Package: rerunfilecheck 2019/12/05 v1.9 Rerun checks for auxiliary files (HO)
 (/usr/share/texlive/texmf-dist/tex/generic/uniquecounter/uniquecounter.sty
Package: uniquecounter 2019/12/15 v1.4 Provide unlimited unique counter (HO)
)
Package uniquecounter Info: New unique counter `rerunfilecheck' on input line 286.
)
\Hy@SectionHShift=\skip49
) (/usr/share/texlive/texmf-dist/tex/latex/xcolor/xcolor.sty
Package: xcolor 2016/05/11 v2.12 LaTeX color extensions (UK)
 (/usr/share/texlive/texmf-dist/tex/latex/graphics-cfg/color.cfg
File: color.cfg 2016/01/02 v1.6 sample color configuration
)
Package xcolor Info: Driver file: pdftex.def on input line 225.
 (/usr/share/texlive/texmf-dist/tex/latex/graphics-def/pdftex.def
File: pdftex.def 2018/01/08 v1.0l Graphics/color driver for pdftex
)
Package xcolor Info: Model `cmy' substituted by `cmy0' on input line 1348.
Package xcolor Info: Model `hsb' substituted by `rgb' on input line 1352.
Package xcolor Info: Model `RGB' extended on input line 1364.
Package xcolor Info: Model `HTML' substituted by `rgb' on input line 1366.
Package xcolor Info: Model `Hsb' substituted by `hsb' on input line 1367.
Package xcolor Info: Model `tHsb' substituted by `hsb' on input line 1368.
Package xcolor Info: Model `HSB' substituted by `hsb' on input line 1369.
Package xcolor Info: Model `Gray' substituted by `gray' on input line 1370.
Package xcolor Info: Model `wave' substituted by `hsb' on input line 1371.
)
Package hyperref Info: Option `colorlinks' set `true' on input line 106.

Conference Style for EMNLP 2020
\titlebox=\skip50
\aclrulerbox=\box45
\aclrulercount=\count186
\aclruleroffset=\dimen139
\cv@lineheight=\dimen140
\cv@boxheight=\dimen141
\cv@tmpbox=\box46
\cv@refno=\count187
\cv@tot=\count188
\cv@tmpc@=\count189
\cv@tmpc=\count190
(/usr/share/texlive/texmf-dist/tex/latex/caption/caption.sty
Package: caption 2020/01/03 v3.4h Customizing captions (AR)
 (/usr/share/texlive/texmf-dist/tex/latex/caption/caption3.sty
Package: caption3 2020/01/03 v1.8h caption3 kernel (AR)
Package caption3 Info: TeX engine: e-TeX on input line 61.
\captionmargin=\dimen142
\captionmargin@=\dimen143
\captionwidth=\dimen144
\caption@tempdima=\dimen145
\caption@indent=\dimen146
\caption@parindent=\dimen147
\caption@hangindent=\dimen148
Package caption Info: Standard document class detected.
)
\c@caption@flags=\count191
\c@continuedfloat=\count192
Package caption Info: hyperref package is loaded.
) (/usr/share/texlive/texmf-dist/tex/latex/natbib/natbib.sty
Package: natbib 2010/09/13 8.31b (PWD, AO)
\bibhang=\skip51
\bibsep=\skip52
LaTeX Info: Redefining \cite on input line 694.
\c@NAT@ctr=\count193
) (/usr/share/texlive/texmf-dist/tex/latex/etoolbox/etoolbox.sty
Package: etoolbox 2019/09/21 v2.5h e-TeX tools for LaTeX (JAW)
\etb@tempcnta=\count194
)) (/usr/share/texlive/texmf-dist/tex/latex/psnfss/times.sty
Package: times 2005/04/12 PSNFSS-v9.2a (SPQR) 
) (/usr/share/texlive/texmf-dist/tex/latex/base/latexsym.sty
Package: latexsym 1998/08/17 v2.2e Standard LaTeX package (lasy symbols)
\symlasy=\mathgroup4
LaTeX Font Info:    Overwriting symbol font `lasy' in version `bold'
(Font)                  U/lasy/m/n --> U/lasy/b/n on input line 52.
) (/usr/share/texlive/texmf-dist/tex/latex/graphics/graphicx.sty
Package: graphicx 2019/11/30 v1.2a Enhanced LaTeX Graphics (DPC,SPQR)
 (/usr/share/texlive/texmf-dist/tex/latex/graphics/graphics.sty
Package: graphics 2019/11/30 v1.4a Standard LaTeX Graphics (DPC,SPQR)
 (/usr/share/texlive/texmf-dist/tex/latex/graphics/trig.sty
Package: trig 2016/01/03 v1.10 sin cos tan (DPC)
) (/usr/share/texlive/texmf-dist/tex/latex/graphics-cfg/graphics.cfg
File: graphics.cfg 2016/06/04 v1.11 sample graphics configuration
)
Package graphics Info: Driver file: pdftex.def on input line 105.
)
\Gin@req@height=\dimen149
\Gin@req@width=\dimen150
) (/usr/share/texlive/texmf-dist/tex/latex/placeins/placeins.sty
Package: placeins 2005/04/18  v 2.2
) (/usr/share/texlive/texmf-dist/tex/latex/microtype/microtype.sty
Package: microtype 2019/11/18 v2.7d Micro-typographical refinements (RS)
\MT@toks=\toks15
\MT@count=\count195
LaTeX Info: Redefining \textls on input line 790.
\MT@outer@kern=\dimen151
LaTeX Info: Redefining \textmicrotypecontext on input line 1354.
\MT@listname@count=\count196
 (/usr/share/texlive/texmf-dist/tex/latex/microtype/microtype-pdftex.def
File: microtype-pdftex.def 2019/11/18 v2.7d Definitions specific to pdftex (RS)
LaTeX Info: Redefining \lsstyle on input line 914.
LaTeX Info: Redefining \lslig on input line 914.
\MT@outer@space=\skip53
)
Package microtype Info: Loading configuration file microtype.cfg.
 (/usr/share/texlive/texmf-dist/tex/latex/microtype/microtype.cfg
File: microtype.cfg 2019/11/18 v2.7d microtype main configuration file (RS)
)) (/usr/share/texlive/texmf-dist/tex/latex/l3backend/l3backend-pdfmode.def
File: l3backend-pdfmode.def 2020-02-03 L3 backend support: PDF mode
\l__kernel_color_stack_int=\count197
\l__pdf_internal_box=\box47
) (/home/runxuan/documents/classes/Winter2022/EECS-498_Affective_Computing/Final Report/main.aux)
\openout1 = `main.aux'.

LaTeX Font Info:    Checking defaults for OML/cmm/m/it on input line 62.
LaTeX Font Info:    ... okay on input line 62.
LaTeX Font Info:    Checking defaults for OMS/cmsy/m/n on input line 62.
LaTeX Font Info:    ... okay on input line 62.
LaTeX Font Info:    Checking defaults for OT1/cmr/m/n on input line 62.
LaTeX Font Info:    ... okay on input line 62.
LaTeX Font Info:    Checking defaults for T1/cmr/m/n on input line 62.
LaTeX Font Info:    ... okay on input line 62.
LaTeX Font Info:    Checking defaults for TS1/cmr/m/n on input line 62.
LaTeX Font Info:    ... okay on input line 62.
LaTeX Font Info:    Checking defaults for OMX/cmex/m/n on input line 62.
LaTeX Font Info:    ... okay on input line 62.
LaTeX Font Info:    Checking defaults for U/cmr/m/n on input line 62.
LaTeX Font Info:    ... okay on input line 62.
LaTeX Font Info:    Checking defaults for PD1/pdf/m/n on input line 62.
LaTeX Font Info:    ... okay on input line 62.
LaTeX Font Info:    Trying to load font information for OT1+ptm on input line 62.
 (/usr/share/texlive/texmf-dist/tex/latex/psnfss/ot1ptm.fd
File: ot1ptm.fd 2001/06/04 font definitions for OT1/ptm.
)
\AtBeginShipoutBox=\box48
Package hyperref Info: Link coloring ON on input line 62.
 (/usr/share/texlive/texmf-dist/tex/latex/hyperref/nameref.sty
Package: nameref 2019/09/16 v2.46 Cross-referencing by name of section
 (/usr/share/texlive/texmf-dist/tex/latex/refcount/refcount.sty
Package: refcount 2019/12/15 v3.6 Data extraction from label references (HO)
) (/usr/share/texlive/texmf-dist/tex/generic/gettitlestring/gettitlestring.sty
Package: gettitlestring 2019/12/15 v1.6 Cleanup title references (HO)
)
\c@section@level=\count198
)
LaTeX Info: Redefining \ref on input line 62.
LaTeX Info: Redefining \pageref on input line 62.
LaTeX Info: Redefining \nameref on input line 62.
 (/home/runxuan/documents/classes/Winter2022/EECS-498_Affective_Computing/Final Report/main.out) (/home/runxuan/documents/classes/Winter2022/EECS-498_Affective_Computing/Final Report/main.out)
\@outlinefile=\write3
\openout3 = `main.out'.

 (/usr/share/texlive/texmf-dist/tex/context/base/mkii/supp-pdf.mkii
[Loading MPS to PDF converter (version 2006.09.02).]
\scratchcounter=\count199
\scratchdimen=\dimen152
\scratchbox=\box49
\nofMPsegments=\count266
\nofMParguments=\count267
\everyMPshowfont=\toks16
\MPscratchCnt=\count268
\MPscratchDim=\dimen153
\MPnumerator=\count269
\makeMPintoPDFobject=\count270
\everyMPtoPDFconversion=\toks17
) (/usr/share/texlive/texmf-dist/tex/latex/epstopdf-pkg/epstopdf-base.sty
Package: epstopdf-base 2020-01-24 v2.11 Base part for package epstopdf
Package epstopdf-base Info: Redefining graphics rule for `.eps' on input line 485.
 (/usr/share/texlive/texmf-dist/tex/latex/latexconfig/epstopdf-sys.cfg
File: epstopdf-sys.cfg 2010/07/13 v1.3 Configuration of (r)epstopdf for TeX Live
)) ABD: EveryShipout initializing macros
Package caption Info: Begin \AtBeginDocument code.
Package caption Info: End \AtBeginDocument code.
LaTeX Info: Redefining \microtypecontext on input line 62.
Package microtype Info: Generating PDF output.
Package microtype Info: Character protrusion enabled (level 2).
Package microtype Info: Using default protrusion set `alltext'.
Package microtype Info: Automatic font expansion enabled (level 2),
(microtype)             stretch: 20, shrink: 20, step: 1, non-selected.
Package microtype Info: Using default expansion set `basictext'.
LaTeX Info: Redefining \showhyphens on input line 62.
Package microtype Info: No adjustment of tracking.
Package microtype Info: No adjustment of interword spacing.
Package microtype Info: No adjustment of character kerning.
 (/usr/share/texlive/texmf-dist/tex/latex/microtype/mt-ptm.cfg
File: mt-ptm.cfg 2006/04/20 v1.7 microtype config. file: Times (RS)
) (/usr/share/texlive/texmf-dist/tex/latex/microtype/mt-cmr.cfg
File: mt-cmr.cfg 2013/05/19 v2.2 microtype config. file: Computer Modern Roman (RS)
)
LaTeX Font Info:    External font `cmex10' loaded for size
(Font)              <12> on input line 63.
LaTeX Font Info:    External font `cmex10' loaded for size
(Font)              <8> on input line 63.
LaTeX Font Info:    External font `cmex10' loaded for size
(Font)              <6> on input line 63.
LaTeX Font Info:    Trying to load font information for U+lasy on input line 63.
 (/usr/share/texlive/texmf-dist/tex/latex/base/ulasy.fd
File: ulasy.fd 1998/08/17 v2.2e LaTeX symbol font definitions
)
LaTeX Font Info:    Trying to load font information for OT1+pcr on input line 63.
 (/usr/share/texlive/texmf-dist/tex/latex/psnfss/ot1pcr.fd
File: ot1pcr.fd 2001/06/04 font definitions for OT1/pcr.
)
Package microtype Info: Loading generic protrusion settings for font family
(microtype)             `pcr' (encoding: OT1).
(microtype)             For optimal results, create family-specific settings.
(microtype)             See the microtype manual for details.
LaTeX Font Info:    External font `cmex10' loaded for size
(Font)              <9> on input line 63.
LaTeX Font Info:    External font `cmex10' loaded for size
(Font)              <5> on input line 63.
 [1{/var/lib/texmf/fonts/map/pdftex/updmap/pdftex.map}



]
Underfull \vbox (badness 6047) has occurred while \output is active []

<uofm_upvotes.png, id=49, 1160.335pt x 592.2125pt>
File: uofm_upvotes.png Graphic file (type png)
<use uofm_upvotes.png>
Package pdftex.def Info: uofm_upvotes.png  used on input line 105.
(pdftex.def)             Requested size: 455.24408pt x 232.34451pt.
 [2]
<uofm_ratio1.png, id=67, 1166.3575pt x 592.2125pt>
File: uofm_ratio1.png Graphic file (type png)
<use uofm_ratio1.png>
Package pdftex.def Info: uofm_ratio1.png  used on input line 118.
(pdftex.def)             Requested size: 455.24408pt x 231.14267pt.
 [3 </home/runxuan/documents/classes/Winter2022/EECS-498_Affective_Computing/Final Report/uofm_upvotes.png>]
<nnet.png, id=83, 814.04124pt x 248.93pt>
File: nnet.png Graphic file (type png)
<use nnet.png>
Package pdftex.def Info: nnet.png  used on input line 144.
(pdftex.def)             Requested size: 455.24408pt x 139.20992pt.
LaTeX Font Info:    External font `cmex10' loaded for size
(Font)              <10.95> on input line 154.
<uofm_task2true_nonsmooth.png, id=85, 1606.0pt x 1071.00125pt>
File: uofm_task2true_nonsmooth.png Graphic file (type png)
<use uofm_task2true_nonsmooth.png>
Package pdftex.def Info: uofm_task2true_nonsmooth.png  used on input line 160.
(pdftex.def)             Requested size: 227.62204pt x 151.78581pt.
<uofm_task2pred_nonsmooth.png, id=86, 1606.0pt x 1071.00125pt>
File: uofm_task2pred_nonsmooth.png Graphic file (type png)
<use uofm_task2pred_nonsmooth.png>
Package pdftex.def Info: uofm_task2pred_nonsmooth.png  used on input line 163.
(pdftex.def)             Requested size: 227.62204pt x 151.78581pt.

Overfull \hbox (2.0805pt too wide) in paragraph at lines 159--165
[]$[]$ $[]$ 
 []

[4 </home/runxuan/documents/classes/Winter2022/EECS-498_Affective_Computing/Final Report/uofm_ratio1.png>] [5 </home/runxuan/documents/classes/Winter2022/EECS-498_Affective_Computing/Final Report/nnet.png> </home/runxuan/documents/classes/Winter2022/EECS-498_Affective_Computing/Final Report/uofm_task2true_nonsmooth.png> </home/runxuan/documents/classes/Winter2022/EECS-498_Affective_Computing/Final Report/uofm_task2pred_nonsmooth.png>]
<uofm_task2true_smooth.png, id=111, 1606.0pt x 1071.00125pt>
File: uofm_task2true_smooth.png Graphic file (type png)
<use uofm_task2true_smooth.png>
Package pdftex.def Info: uofm_task2true_smooth.png  used on input line 182.
(pdftex.def)             Requested size: 227.62204pt x 151.78581pt.

Overfull \hbox (8.53592pt too wide) in paragraph at lines 182--183
[][] 
 []

<uofm_task2pred_smooth.png, id=113, 1606.0pt x 1071.00125pt>
File: uofm_task2pred_smooth.png Graphic file (type png)
<use uofm_task2pred_smooth.png>
Package pdftex.def Info: uofm_task2pred_smooth.png  used on input line 191.
(pdftex.def)             Requested size: 227.62204pt x 151.78581pt.

Overfull \hbox (8.53592pt too wide) in paragraph at lines 191--192
[][] 
 []


Overfull \hbox (6.51064pt too wide) in paragraph at lines 202--215
[][] 
 []

LaTeX Font Info:    Trying to load font information for TS1+ptm on input line 222.
(/usr/share/texlive/texmf-dist/tex/latex/psnfss/ts1ptm.fd
File: ts1ptm.fd 2001/06/04 font definitions for TS1/ptm.
) [6 </home/runxuan/documents/classes/Winter2022/EECS-498_Affective_Computing/Final Report/uofm_task2true_smooth.png> </home/runxuan/documents/classes/Winter2022/EECS-498_Affective_Computing/Final Report/uofm_task2pred_smooth.png>]
Underfull \hbox (badness 10000) in paragraph at lines 270--270
[]\OT1/ptm/m/n/10.95 (+20) MAE
 []


Underfull \hbox (badness 10000) in paragraph at lines 270--270
\OT1/ptm/m/n/10.95 (+20) (MAE
 []


Underfull \hbox (badness 10000) in paragraph at lines 270--271
[]\OT1/ptm/m/n/10.95 (+20) MAE
 []


Underfull \hbox (badness 10000) in paragraph at lines 270--271
\OT1/ptm/m/n/10.95 (+20) (WMAE
 []

[7]
Underfull \hbox (badness 1708) in paragraph at lines 326--327
[]\OT1/ptm/m/n/10.95 (+20) "Sophomore Trans-fer - Just com-mit-ted to
 []


Overfull \hbox (2.0805pt too wide) in paragraph at lines 316--357
[]$[]$ $[]$ 
 []

(/home/runxuan/documents/classes/Winter2022/EECS-498_Affective_Computing/Final Report/main.bbl [8]
Underfull \hbox (badness 1406) in paragraph at lines 22--26
\OT1/ptm/m/n/10 bert: Sen-tence em-bed-dings us-ing siamese bert-
 []

) [9

]
File: uofm_upvotes.png Graphic file (type png)
<use uofm_upvotes.png>
Package pdftex.def Info: uofm_upvotes.png  used on input line 392.
(pdftex.def)             Requested size: 455.24408pt x 232.34451pt.
<berkeley_upvotes.png, id=162, 1160.335pt x 592.2125pt>
File: berkeley_upvotes.png Graphic file (type png)
<use berkeley_upvotes.png>
Package pdftex.def Info: berkeley_upvotes.png  used on input line 397.
(pdftex.def)             Requested size: 455.24408pt x 232.34451pt.
<uwaterloo_upvotes.png, id=163, 1160.335pt x 592.2125pt>
File: uwaterloo_upvotes.png Graphic file (type png)
<use uwaterloo_upvotes.png>
Package pdftex.def Info: uwaterloo_upvotes.png  used on input line 402.
(pdftex.def)             Requested size: 455.24408pt x 232.34451pt.
<utaustin_upvotes.png, id=164, 1160.335pt x 592.2125pt>
File: utaustin_upvotes.png Graphic file (type png)
<use utaustin_upvotes.png>
Package pdftex.def Info: utaustin_upvotes.png  used on input line 407.
(pdftex.def)             Requested size: 455.24408pt x 232.34451pt.
 [10

 </home/runxuan/documents/classes/Winter2022/EECS-498_Affective_Computing/Final Report/berkeley_upvotes.png>]
File: uofm_ratio1.png Graphic file (type png)
<use uofm_ratio1.png>
Package pdftex.def Info: uofm_ratio1.png  used on input line 413.
(pdftex.def)             Requested size: 455.24408pt x 231.14267pt.
<berkeley_ratio1.png, id=173, 1166.3575pt x 592.2125pt>
File: berkeley_ratio1.png Graphic file (type png)
<use berkeley_ratio1.png>
Package pdftex.def Info: berkeley_ratio1.png  used on input line 417.
(pdftex.def)             Requested size: 455.24408pt x 231.14267pt.
<uwaterloo_ratio1.png, id=174, 1166.3575pt x 592.2125pt>
File: uwaterloo_ratio1.png Graphic file (type png)
<use uwaterloo_ratio1.png>
Package pdftex.def Info: uwaterloo_ratio1.png  used on input line 421.
(pdftex.def)             Requested size: 455.24408pt x 231.14267pt.
<utaustin_ratio1.png, id=175, 1166.3575pt x 592.2125pt>
File: utaustin_ratio1.png Graphic file (type png)
<use utaustin_ratio1.png>
Package pdftex.def Info: utaustin_ratio1.png  used on input line 425.
(pdftex.def)             Requested size: 455.24408pt x 231.14267pt.
 [11 </home/runxuan/documents/classes/Winter2022/EECS-498_Affective_Computing/Final Report/uwaterloo_upvotes.png> </home/runxuan/documents/classes/Winter2022/EECS-498_Affective_Computing/Final Report/utaustin_upvotes.png>] [12 </home/runxuan/documents/classes/Winter2022/EECS-498_Affective_Computing/Final Report/berkeley_ratio1.png>] [13 </home/runxuan/documents/classes/Winter2022/EECS-498_Affective_Computing/Final Report/uwaterloo_ratio1.png> </home/runxuan/documents/classes/Winter2022/EECS-498_Affective_Computing/Final Report/utaustin_ratio1.png>]
File: uofm_task2true_nonsmooth.png Graphic file (type png)
<use uofm_task2true_nonsmooth.png>
Package pdftex.def Info: uofm_task2true_nonsmooth.png  used on input line 437.
(pdftex.def)             Requested size: 227.62204pt x 151.78581pt.
File: uofm_task2pred_nonsmooth.png Graphic file (type png)
<use uofm_task2pred_nonsmooth.png>
Package pdftex.def Info: uofm_task2pred_nonsmooth.png  used on input line 440.
(pdftex.def)             Requested size: 227.62204pt x 151.78581pt.

Overfull \hbox (2.0805pt too wide) in paragraph at lines 436--442
[]$[]$ $[]$ 
 []

File: uofm_task2true_smooth.png Graphic file (type png)
<use uofm_task2true_smooth.png>
Package pdftex.def Info: uofm_task2true_smooth.png  used on input line 444.
(pdftex.def)             Requested size: 227.62204pt x 151.78581pt.
File: uofm_task2pred_smooth.png Graphic file (type png)
<use uofm_task2pred_smooth.png>
Package pdftex.def Info: uofm_task2pred_smooth.png  used on input line 447.
(pdftex.def)             Requested size: 227.62204pt x 151.78581pt.

Overfull \hbox (2.0805pt too wide) in paragraph at lines 443--449
[]$[]$ $[]$ 
 []

<berkeley_task2true_nonsmooth.png, id=201, 1606.0pt x 1071.00125pt>
File: berkeley_task2true_nonsmooth.png Graphic file (type png)
<use berkeley_task2true_nonsmooth.png>
Package pdftex.def Info: berkeley_task2true_nonsmooth.png  used on input line 460.
(pdftex.def)             Requested size: 227.62204pt x 151.78581pt.
<berkeley_task2pred_nonsmooth.png, id=202, 1606.0pt x 1071.00125pt>
File: berkeley_task2pred_nonsmooth.png Graphic file (type png)
<use berkeley_task2pred_nonsmooth.png>
Package pdftex.def Info: berkeley_task2pred_nonsmooth.png  used on input line 463.
(pdftex.def)             Requested size: 227.62204pt x 151.78581pt.

Overfull \hbox (2.0805pt too wide) in paragraph at lines 459--465
[]$[]$ $[]$ 
 []

<berkeley_task2true_smooth.png, id=203, 1606.0pt x 1071.00125pt>
File: berkeley_task2true_smooth.png Graphic file (type png)
<use berkeley_task2true_smooth.png>
Package pdftex.def Info: berkeley_task2true_smooth.png  used on input line 467.
(pdftex.def)             Requested size: 227.62204pt x 151.78581pt.
<berkeley_task2pred_smooth.png, id=204, 1606.0pt x 1071.00125pt>
File: berkeley_task2pred_smooth.png Graphic file (type png)
<use berkeley_task2pred_smooth.png>
Package pdftex.def Info: berkeley_task2pred_smooth.png  used on input line 470.
(pdftex.def)             Requested size: 227.62204pt x 151.78581pt.

Overfull \hbox (2.0805pt too wide) in paragraph at lines 466--472
[]$[]$ $[]$ 
 []

<uwaterloo_task2true_nonsmooth.png, id=205, 1606.0pt x 1071.00125pt>
File: uwaterloo_task2true_nonsmooth.png Graphic file (type png)
<use uwaterloo_task2true_nonsmooth.png>
Package pdftex.def Info: uwaterloo_task2true_nonsmooth.png  used on input line 483.
(pdftex.def)             Requested size: 227.62204pt x 151.78581pt.
<uwaterloo_task2pred_nonsmooth.png, id=206, 1606.0pt x 1071.00125pt>
File: uwaterloo_task2pred_nonsmooth.png Graphic file (type png)
<use uwaterloo_task2pred_nonsmooth.png>
Package pdftex.def Info: uwaterloo_task2pred_nonsmooth.png  used on input line 486.
(pdftex.def)             Requested size: 227.62204pt x 151.78581pt.

Overfull \hbox (2.0805pt too wide) in paragraph at lines 482--488
[]$[]$ $[]$ 
 []

<uwaterloo_task2true_smooth.png, id=207, 1606.0pt x 1071.00125pt>
File: uwaterloo_task2true_smooth.png Graphic file (type png)
<use uwaterloo_task2true_smooth.png>
Package pdftex.def Info: uwaterloo_task2true_smooth.png  used on input line 490.
(pdftex.def)             Requested size: 227.62204pt x 151.78581pt.
<uwaterloo_task2pred_smooth.png, id=208, 1606.0pt x 1071.00125pt>
File: uwaterloo_task2pred_smooth.png Graphic file (type png)
<use uwaterloo_task2pred_smooth.png>
Package pdftex.def Info: uwaterloo_task2pred_smooth.png  used on input line 493.
(pdftex.def)             Requested size: 227.62204pt x 151.78581pt.

Overfull \hbox (2.0805pt too wide) in paragraph at lines 489--495
[]$[]$ $[]$ 
 []

<utaustin_task2true_nonsmooth.png, id=209, 1606.0pt x 1071.00125pt>
File: utaustin_task2true_nonsmooth.png Graphic file (type png)
<use utaustin_task2true_nonsmooth.png>
Package pdftex.def Info: utaustin_task2true_nonsmooth.png  used on input line 506.
(pdftex.def)             Requested size: 227.62204pt x 151.78581pt.
<utaustin_task2pred_nonsmooth.png, id=210, 1606.0pt x 1071.00125pt>
File: utaustin_task2pred_nonsmooth.png Graphic file (type png)
<use utaustin_task2pred_nonsmooth.png>
Package pdftex.def Info: utaustin_task2pred_nonsmooth.png  used on input line 509.
(pdftex.def)             Requested size: 227.62204pt x 151.78581pt.

Overfull \hbox (2.0805pt too wide) in paragraph at lines 505--511
[]$[]$ $[]$ 
 []

<utaustin_task2true_smooth.png, id=211, 1606.0pt x 1071.00125pt>
File: utaustin_task2true_smooth.png Graphic file (type png)
<use utaustin_task2true_smooth.png>
Package pdftex.def Info: utaustin_task2true_smooth.png  used on input line 513.
(pdftex.def)             Requested size: 227.62204pt x 151.78581pt.
<utaustin_task2pred_smooth.png, id=212, 1606.0pt x 1071.00125pt>
File: utaustin_task2pred_smooth.png Graphic file (type png)
<use utaustin_task2pred_smooth.png>
Package pdftex.def Info: utaustin_task2pred_smooth.png  used on input line 516.
(pdftex.def)             Requested size: 227.62204pt x 151.78581pt.

Overfull \hbox (2.0805pt too wide) in paragraph at lines 512--518
[]$[]$ $[]$ 
 []

[14] [15] [16 </home/runxuan/documents/classes/Winter2022/EECS-498_Affective_Computing/Final Report/berkeley_task2true_nonsmooth.png> </home/runxuan/documents/classes/Winter2022/EECS-498_Affective_Computing/Final Report/berkeley_task2pred_nonsmooth.png> </home/runxuan/documents/classes/Winter2022/EECS-498_Affective_Computing/Final Report/berkeley_task2true_smooth.png> </home/runxuan/documents/classes/Winter2022/EECS-498_Affective_Computing/Final Report/berkeley_task2pred_smooth.png>] [17 </home/runxuan/documents/classes/Winter2022/EECS-498_Affective_Computing/Final Report/uwaterloo_task2true_nonsmooth.png> </home/runxuan/documents/classes/Winter2022/EECS-498_Affective_Computing/Final Report/uwaterloo_task2pred_nonsmooth.png> </home/runxuan/documents/classes/Winter2022/EECS-498_Affective_Computing/Final Report/uwaterloo_task2true_smooth.png> </home/runxuan/documents/classes/Winter2022/EECS-498_Affective_Computing/Final Report/uwaterloo_task2pred_smooth.png>] [18 </home/runxuan/documents/classes/Winter2022/EECS-498_Affective_Computing/Final Report/utaustin_task2true_nonsmooth.png> </home/runxuan/documents/classes/Winter2022/EECS-498_Affective_Computing/Final Report/utaustin_task2pred_nonsmooth.png> </home/runxuan/documents/classes/Winter2022/EECS-498_Affective_Computing/Final Report/utaustin_task2true_smooth.png> </home/runxuan/documents/classes/Winter2022/EECS-498_Affective_Computing/Final Report/utaustin_task2pred_smooth.png>]
Package atveryend Info: Empty hook `BeforeClearDocument' on input line 604.
 [19] [20]
Package atveryend Info: Empty hook `AfterLastShipout' on input line 604.
 (/home/runxuan/documents/classes/Winter2022/EECS-498_Affective_Computing/Final Report/main.aux)
Package atveryend Info: Executing hook `AtVeryEndDocument' on input line 604.
Package atveryend Info: Executing hook `AtEndAfterFileList' on input line 604.
Package rerunfilecheck Info: File `main.out' has not changed.
(rerunfilecheck)             Checksum: D41D8CD98F00B204E9800998ECF8427E;0.
Package atveryend Info: Empty hook `AtVeryVeryEnd' on input line 604.
 ) 
Here is how much of TeX's memory you used:
 9612 strings out of 483183
 153385 string characters out of 5966292
 447750 words of memory out of 5000000
 24233 multiletter control sequences out of 15000+600000
 557344 words of font info for 150 fonts, out of 8000000 for 9000
 14 hyphenation exceptions out of 8191
 49i,13n,46p,1402b,384s stack positions out of 5000i,500n,10000p,200000b,80000s
pdfTeX warning (dest): name{Hfootnote.1} has been referenced but does not exist, replaced by a fixed one

{/usr/share/texlive/texmf-dist/fonts/enc/dvips/base/8r.enc}</usr/share/texlive/texmf-dist/fonts/type1/public/amsfonts/cm/cmex10.pfb></usr/share/texlive/texmf-dist/fonts/type1/public/amsfonts/cm/cmmi10.pfb></usr/share/texlive/texmf-dist/fonts/type1/public/amsfonts/cm/cmmi8.pfb></usr/share/texlive/texmf-dist/fonts/type1/public/amsfonts/cm/cmr10.pfb></usr/share/texlive/texmf-dist/fonts/type1/public/amsfonts/cm/cmr8.pfb></usr/share/texlive/texmf-dist/fonts/type1/public/amsfonts/cm/cmsy10.pfb></usr/share/texlive/texmf-dist/fonts/type1/public/amsfonts/cm/cmsy6.pfb></usr/share/texlive/texmf-dist/fonts/type1/public/amsfonts/cm/cmsy8.pfb></usr/share/texlive/texmf-dist/fonts/type1/urw/courier/ucrr8a.pfb></usr/share/texlive/texmf-dist/fonts/type1/urw/helvetic/uhvb8a.pfb></usr/share/texlive/texmf-dist/fonts/type1/urw/times/utmb8a.pfb></usr/share/texlive/texmf-dist/fonts/type1/urw/times/utmr8a.pfb></usr/share/texlive/texmf-dist/fonts/type1/urw/times/utmri8a.pfb>
Output written on "/home/runxuan/documents/classes/Winter2022/EECS-498_Affective_Computing/Final Report/main.pdf" (20 pages, 1227408 bytes).
PDF statistics:
 313 PDF objects out of 1000 (max. 8388607)
 241 compressed objects within 3 object streams
 82 named destinations out of 1000 (max. 500000)
 17534 words of extra memory for PDF output out of 20736 (max. 10000000)

